  main.cpp
c:\users\home\desktop\task\header.h(222): warning C4244: 'argument': conversion from 'T' to 'size_t', possible loss of data
          with
          [
              T=double
          ]
  c:\users\home\desktop\task\main.cpp(11): note: see reference to function template instantiation 'task::Matrix<double> task::Matrix<double>::operator *<double>(task::Matrix<double>)' being compiled
  c:\users\home\desktop\task\main.cpp(11): note: see reference to function template instantiation 'task::Matrix<double> task::Matrix<double>::operator *<double>(task::Matrix<double>)' being compiled
c:\users\home\desktop\task\header.h(143): warning C4244: 'return': conversion from 'const size_t' to 'T', possible loss of data
          with
          [
              T=double
          ]
  c:\users\home\desktop\task\header.h(142): note: while compiling class template member function 'T task::Matrix<T>::Rows(void) const'
          with
          [
              T=double
          ]
  c:\users\home\desktop\task\header.h(89): note: see reference to function template instantiation 'T task::Matrix<T>::Rows(void) const' being compiled
          with
          [
              T=double
          ]
  c:\users\home\desktop\task\header.h(334): note: while compiling class template member function 'task::Matrix<double>::~Matrix(void)'
  c:\users\home\desktop\task\main.cpp(5): note: see reference to function template instantiation 'task::Matrix<double>::~Matrix(void)' being compiled
  c:\users\home\desktop\task\main.cpp(5): note: see reference to class template instantiation 'task::Matrix<double>' being compiled
c:\users\home\desktop\task\header.h(149): warning C4244: 'return': conversion from 'const size_t' to 'T', possible loss of data
          with
          [
              T=double
          ]
  c:\users\home\desktop\task\header.h(148): note: while compiling class template member function 'T task::Matrix<T>::Cols(void) const'
          with
          [
              T=double
          ]
  c:\users\home\desktop\task\header.h(92): note: see reference to function template instantiation 'T task::Matrix<T>::Cols(void) const' being compiled
          with
          [
              T=double
          ]
c:\users\home\desktop\task\header.h(248): warning C4715: 'task::Matrix<double>::operator*<double>': not all control paths return a value
  Project1.vcxproj -> C:\Users\Home\Desktop\Task\Project1\x64\Debug\Project1.exe
